#-----------------------------------------------------------
# Vivado v2018.2 (64-bit)
# SW Build 2258646 on Thu Jun 14 20:03:12 MDT 2018
# IP Build 2256618 on Thu Jun 14 22:10:49 MDT 2018
# Start of session at: Fri Apr 10 16:03:22 2026
# Process ID: 23144
# Current directory: C:/Users/user/Downloads/LATEST 10042026.xpr/FDP
# Command line: vivado.exe -gui_launcher_event rodinguilauncherevent12332 C:\Users\user\Downloads\LATEST 10042026.xpr\FDP\FDP.xpr
# Log file: C:/Users/user/Downloads/LATEST 10042026.xpr/FDP/vivado.log
# Journal file: C:/Users/user/Downloads/LATEST 10042026.xpr/FDP\vivado.jou
#-----------------------------------------------------------
start_gui
open_project {C:/Users/user/Downloads/LATEST 10042026.xpr/FDP/FDP.xpr}
INFO: [Project 1-313] Project file moved from 'C:/Users/steve/Downloads/EE2026 Project/100426_2pm_FDP.xpr/FDP/.Xil/Vivado-14672-stevenchang/PrjAr/_X_' since last save.
Scanning sources...
Finished scanning sources
INFO: [IP_Flow 19-234] Refreshing IP repositories
INFO: [IP_Flow 19-1704] No user IP repositories specified
INFO: [IP_Flow 19-2313] Loaded Vivado IP repository 'C:/Xilinx/Vivado/2018.2/data/ip'.
open_project: Time (s): cpu = 00:00:11 ; elapsed = 00:00:07 . Memory (MB): peak = 949.551 ; gain = 168.148
update_compile_order -fileset sources_1
reset_run synth_1
launch_runs impl_1 -to_step write_bitstream -jobs 14
[Fri Apr 10 16:47:47 2026] Launched synth_1...
Run output will be captured here: C:/Users/user/Downloads/LATEST 10042026.xpr/FDP/FDP.runs/synth_1/runme.log
[Fri Apr 10 16:47:47 2026] Launched impl_1...
Run output will be captured here: C:/Users/user/Downloads/LATEST 10042026.xpr/FDP/FDP.runs/impl_1/runme.log
open_hw
archive_project {C:/Users/user/Downloads/LATEST 10042026.xpr/FINAL_IFDP.xpr.zip} -temp_dir {C:/Users/user/Downloads/LATEST 10042026.xpr/FDP/.Xil/Vivado-23144-LAPTOP-GTUAJAA0} -force -include_local_ip_cache -include_config_settings
INFO: [Coretcl 2-137] starting archive...
INFO: [Coretcl 2-1499] Saving project copy to temporary location 'C:/Users/user/Downloads/LATEST 10042026.xpr/FDP/.Xil/Vivado-23144-LAPTOP-GTUAJAA0' for archiving project
Scanning sources...
Finished scanning sources
INFO: [IP_Flow 19-234] Refreshing IP repositories
INFO: [IP_Flow 19-1704] No user IP repositories specified
INFO: [IP_Flow 19-2313] Loaded Vivado IP repository 'C:/Xilinx/Vivado/2018.2/data/ip'.
INFO: [Coretcl 2-1211] Creating project copy for archival...
INFO: [ProjectBase 1-495] The host OS only allows 260 characters in a normal path. The project is stored in a path with more than 80 characters. If you experience any problem with archiving the project, please consider setting environment variable $TEMP to a shorter path.
Current project path is 'C:/Users/user/Downloads/LATEST 10042026.xpr/FDP/.Xil/Vivado-23144-LAPTOP-GTUAJAA0/PrjAr/_X_'.
INFO: [Coretcl 2-1213] Including run results for 'synth_1'
INFO: [Coretcl 2-1213] Including run results for 'blk_mem_gen_img_synth_1'
INFO: [Coretcl 2-1213] Including run results for 'blk_mem_gen_const_synth_1'
INFO: [Coretcl 2-1213] Including run results for 'impl_1'
INFO: [Coretcl 2-133] re-setting run 'blk_mem_gen_img_impl_1'...
INFO: [Coretcl 2-133] re-setting run 'blk_mem_gen_const_impl_1'...
INFO: [Coretcl 2-1212] Importing remotely added design sources and verilog include files (if any)...
INFO: [filemgmt 20-334] All file(s) are already imported in fileset: 'blk_mem_gen_const'
INFO: [filemgmt 20-348] Importing the appropriate files for fileset: 'blk_mem_gen_const'
INFO: [filemgmt 20-334] All file(s) are already imported in fileset: 'blk_mem_gen_img'
INFO: [filemgmt 20-348] Importing the appropriate files for fileset: 'blk_mem_gen_img'
INFO: [filemgmt 20-334] All file(s) are already imported in fileset: 'constrs_1'
INFO: [filemgmt 20-348] Importing the appropriate files for fileset: 'constrs_1'
INFO: [filemgmt 20-334] All file(s) are already imported in fileset: 'sim_1'
INFO: [filemgmt 20-348] Importing the appropriate files for fileset: 'sim_1'
INFO: [filemgmt 20-348] Importing the appropriate files for fileset: 'sources_1'
