Vivado Simulator 2018.2
Time resolution is 1 ps
WARNING: Too many words specified in data file Audio.mem
T=               65000 | Starting Frame 0 at Sample 0
T=              715000 | Starting Frame 1 at Sample 128
T=             1365000 | Starting Frame 2 at Sample 256
T=             2015000 | Starting Frame 3 at Sample 384
--- Output Frame 1 (128 Frequency Bins) ---
Bin 0: 0f8 + j000
Bin 1: de9 + je12
Bin 2: 234 + j866
Bin 3: e8f + jc81
Bin 4: b97 + jfa9
Bin 5: 81b + j3e3
Bin 6: 7ed + ja63
Bin 7: 923 + jb48
Bin 8: 503 + j431
Bin 9: 960 + jd0e
Bin 10: bbc + jefd
Bin 11: 6f4 + jc8e
Bin 12: ec8 + j6ab
Bin 13: ac4 + j3f4
Bin 14: 59f + j43b
Bin 15: d92 + j0a6
Bin 16: f5b + j59e
Bin 17: 6be + jb29
Bin 18: 198 + jff9
Bin 19: f36 + j4a9
Bin 20: 9ab + j2a8
Bin 21: 784 + j7fd
Bin 22: 8af + je39
Bin 23: 5a0 + j92c
Bin 24: 31e + je39
Bin 25: db7 + j7d2
Bin 26: d27 + jb53
Bin 27: ed3 + j139
Bin 28: e54 + j00f
Bin 29: f0e + j0e8
Bin 30: 295 + j515
Bin 31: 250 + jb35
Bin 32: f6f + jffb
Bin 33: 4f6 + jd13
Bin 34: 3df + jb8f
Bin 35: f38 + j058
Bin 36: f41 + j05c
Bin 37: f37 + j05d
Bin 38: d5b + j25b
Bin 39: e29 + j6a2
Bin 40: 0c0 + j781
Bin 41: 92c + j780
Bin 42: 799 + j369
Bin 43: 4a8 + jab3
Bin 44: 85d + j6a8
Bin 45: f70 + j035
Bin 46: 404 + j4d9
Bin 47: 282 + jb4d
Bin 48: f57 + j02a
Bin 49: e1a + j936
T=             2665000 | Starting Frame 4 at Sample 512
Bin 50: 411 + jb6f
Bin 51: f66 + j01c
Bin 52: b58 + j68b
Bin 53: ed4 + jfb8
Bin 54: fdc + jdc1
Bin 55: 494 + j41a
Bin 56: a2f + j385
Bin 57: a55 + jf30
Bin 58: 2f1 + j98f
Bin 59: f6f + j00b
Bin 60: f6b + j006
Bin 61: d13 + jfdd
Bin 62: 28c + j4a4
Bin 63: ded + j15c
Bin 64: f66 + j000
Bin 65: ded + jea4
Bin 66: 28c + jb5c
Bin 67: d13 + j023
Bin 68: f6b + jff9
Bin 69: f6f + jff5
Bin 70: 2f1 + j671
Bin 71: a55 + j0d0
Bin 72: a2f + jc7b
Bin 73: 494 + jbe6
Bin 74: fdc + j23f
Bin 75: ed4 + j048
Bin 76: b58 + j975
Bin 77: f66 + jfe4
Bin 78: 411 + j491
Bin 79: e1a + j6ca
Bin 80: f57 + jfd6
Bin 81: 282 + j4b3
Bin 82: 404 + jb27
Bin 83: f70 + jfcb
Bin 84: 85d + j958
Bin 85: 4a8 + j54d
Bin 86: 799 + jc97
Bin 87: 92c + j880
Bin 88: 0c0 + j87f
Bin 89: e29 + j95e
Bin 90: d5b + jda5
Bin 91: f37 + jfa3
Bin 92: f42 + jfa3
Bin 93: f38 + jfa8
Bin 94: 3df + j471
Bin 95: 4f6 + j2ed
Bin 96: f6f + j005
Bin 97: 250 + j4cb
Bin 98: 295 + jaeb
Bin 99: f0e + jf18
Bin 100: e55 + jff2
Bin 101: ed3 + jec7
Bin 102: d27 + j4ad
Bin 103: db7 + j82e
Bin 104: 31e + j1c7
Bin 105: 5a0 + j6d4
Bin 106: 8af + j1c7
Bin 107: 784 + j803
Bin 108: 9ab + jd58
Bin 109: f36 + jb57
Bin 110: 198 + j007
Bin 111: 6be + j4d7
Bin 112: f5b + ja62
Bin 113: d92 + jf5a
Bin 114: 59f + jbc5
Bin 115: ac4 + jc0c
Bin 116: ec8 + j955
Bin 117: 6f4 + j372
Bin 118: bbc + j103
Bin 119: 960 + j2f2
Bin 120: 503 + jbcf
Bin 121: 923 + j4b8
Bin 122: 7ed + j59d
Bin 123: 81b + jc1d
Bin 124: b97 + j058
Bin 125: e8f + j37f
Bin 126: 234 + j79a
Bin 127: de9 + j1ee
T=             3315000 | Starting Frame 5 at Sample 640
--- Output Frame 2 (128 Frequency Bins) ---
Bin 0: 327 + j000
Bin 1: 933 + j290
Bin 2: ec1 + jdb4
Bin 3: 1ce + j4f9
Bin 4: 439 + j143
Bin 5: 408 + jdd4
Bin 6: 279 + jc64
Bin 7: fe3 + je83
Bin 8: 6b8 + jdff
Bin 9: 2ed + j2a2
Bin 10: 5c4 + j999
Bin 11: 768 + j7b5
Bin 12: 314 + j87d
Bin 13: df3 + jf08
Bin 14: dc8 + j19c
Bin 15: 3db + jac2
Bin 16: df8 + je68
Bin 17: a6b + je35
Bin 18: b3e + jefb
Bin 19: 07b + j012
Bin 20: 9a4 + j55c
Bin 21: a7f + j578
Bin 22: 17c + j067
Bin 23: fea + j3c5
Bin 24: 7d2 + j573
Bin 25: 74d + j2b1
Bin 26: 4aa + j9bc
Bin 27: 0e7 + jf28
Bin 28: 0b1 + jf7c
Bin 29: 025 + jf31
Bin 30: e7e + j73f
Bin 31: 5f8 + jf66
Bin 32: 0b8 + jf93
Bin 33: 992 + jfee
Bin 34: 186 + j23f
Bin 35: 097 + jf73
Bin 36: 093 + jf7c
Bin 37: 092 + jf84
Bin 38: ad2 + j302
Bin 39: d83 + j1ab
Bin 40: c76 + j5b9
Bin 41: 5fc + j8d3
Bin 42: bd0 + j103
Bin 43: 686 + j5f6
Bin 44: 518 + j36c
Bin 45: 087 + jfba
Bin 46: 010 + j65f
Bin 47: 48f + j201
Bin 48: 082 + jfc2
Bin 49: 0eb + je2a
T=             3965000 | Starting Frame 6 at Sample 768
Bin 50: 932 + j2d4
Bin 51: 087 + jfd0
Bin 52: 170 + j911
Bin 53: fbc + jfcf
Bin 54: cc0 + j381
Bin 55: 9ad + j8fc
Bin 56: 374 + j11d
Bin 57: f2d + j319
Bin 58: d03 + j9b6
Bin 59: 08e + jfe4
Bin 60: 3ab + j047
Bin 61: 062 + j253
Bin 62: e4b + jad8
Bin 63: 043 + j9e4
Bin 64: 07d + j000
Bin 65: 043 + j61c
Bin 66: e4b + j528
Bin 67: 062 + jdad
Bin 68: 3ab + jfb9
Bin 69: 08e + j01c
Bin 70: d03 + j64a
Bin 71: f2d + jce7
Bin 72: 374 + jee3
Bin 73: 9ad + j704
Bin 74: cc0 + jc7f
Bin 75: fbc + j031
Bin 76: 170 + j6ef
Bin 77: 087 + j030
Bin 78: 932 + jd2c
Bin 79: 0eb + j1d6
Bin 80: 082 + j03e
Bin 81: 48f + jdff
Bin 82: 010 + j9a1
Bin 83: 087 + j046
Bin 84: 518 + jc94
Bin 85: 685 + ja0a
Bin 86: bd0 + jefd
Bin 87: 5fc + j72d
Bin 88: c76 + ja47
Bin 89: d83 + je55
Bin 90: ad2 + jcfe
Bin 91: 093 + j07c
Bin 92: 093 + j084
Bin 93: 097 + j08d
Bin 94: 186 + jdc1
Bin 95: 992 + j012
Bin 96: 0b8 + j06d
Bin 97: 5f8 + j09a
Bin 98: e7e + j8c1
Bin 99: 025 + j0cf
Bin 100: 0b1 + j084
Bin 101: 0e8 + j0d8
Bin 102: 4aa + j644
Bin 103: 74d + jd4f
Bin 104: 7d2 + ja8d
Bin 105: fea + jc3b
Bin 106: 17c + jf99
Bin 107: a7e + ja88
Bin 108: 9a4 + jaa4
Bin 109: 07b + jfee
Bin 110: b3e + j105
Bin 111: a6b + j1cb
Bin 112: df8 + j198
Bin 113: 3db + j53e
Bin 114: dc8 + je64
Bin 115: df3 + j0f8
Bin 116: 314 + j783
Bin 117: 768 + j84b
Bin 118: 5c4 + j667
Bin 119: 2ed + jd5e
Bin 120: 6b8 + j201
Bin 121: fe3 + j17d
Bin 122: 279 + j39c
Bin 123: 408 + j22c
Bin 124: 439 + jebd
Bin 125: 1ce + jb07
Bin 126: ec1 + j24c
Bin 127: 933 + jd70
T=             4615000 | Starting Frame 7 at Sample 896
T=             5265000 | All WAV frames processed.
