INFO: [VRFC 10-2263] Analyzing Verilog file "C:/Users/STARGATE_user/Desktop/EE2026/project/CHIPMUNK_VADER.xpr/FDP/FDP.srcs/sources_1/new/FFT.v" into library xil_defaultlib
INFO: [VRFC 10-311] analyzing module fft_bridge
INFO: [VRFC 10-311] analyzing module dft_testbench_wav
INFO: [VRFC 10-311] analyzing module dft_top
INFO: [VRFC 10-311] analyzing module rc73286
INFO: [VRFC 10-311] analyzing module perm73284
INFO: [VRFC 10-311] analyzing module memArray128_73284
INFO: [VRFC 10-311] analyzing module nextReg
INFO: [VRFC 10-311] analyzing module memMod
INFO: [VRFC 10-311] analyzing module memMod_dist
INFO: [VRFC 10-311] analyzing module switch
INFO: [VRFC 10-311] analyzing module shiftRegFIFO
INFO: [VRFC 10-311] analyzing module codeBlock73288
INFO: [VRFC 10-311] analyzing module rc73369
INFO: [VRFC 10-311] analyzing module perm73367
INFO: [VRFC 10-311] analyzing module memArray4_73367
INFO: [VRFC 10-311] analyzing module DirSum_73550
INFO: [VRFC 10-311] analyzing module D24_73536
INFO: [VRFC 10-311] analyzing module D22_73544
INFO: [VRFC 10-311] analyzing module codeBlock73372
INFO: [VRFC 10-311] analyzing module codeBlock73553
INFO: [VRFC 10-311] analyzing module rc73634
INFO: [VRFC 10-311] analyzing module perm73632
INFO: [VRFC 10-311] analyzing module memArray8_73632
INFO: [VRFC 10-311] analyzing module DirSum_73823
INFO: [VRFC 10-311] analyzing module D20_73803
INFO: [VRFC 10-311] analyzing module D18_73815
INFO: [VRFC 10-311] analyzing module codeBlock73637
INFO: [VRFC 10-311] analyzing module codeBlock73826
INFO: [VRFC 10-311] analyzing module rc73907
INFO: [VRFC 10-311] analyzing module perm73905
INFO: [VRFC 10-311] analyzing module memArray16_73905
INFO: [VRFC 10-311] analyzing module DirSum_74112
INFO: [VRFC 10-311] analyzing module D16_74080
INFO: [VRFC 10-311] analyzing module D14_74100
INFO: [VRFC 10-311] analyzing module codeBlock73910
INFO: [VRFC 10-311] analyzing module codeBlock74115
INFO: [VRFC 10-311] analyzing module rc74196
INFO: [VRFC 10-311] analyzing module perm74194
INFO: [VRFC 10-311] analyzing module memArray32_74194
INFO: [VRFC 10-311] analyzing module DirSum_74433
INFO: [VRFC 10-311] analyzing module D12_74377
INFO: [VRFC 10-311] analyzing module D10_74413
INFO: [VRFC 10-311] analyzing module codeBlock74199
INFO: [VRFC 10-311] analyzing module codeBlock74436
INFO: [VRFC 10-311] analyzing module rc74517
INFO: [VRFC 10-311] analyzing module perm74515
INFO: [VRFC 10-311] analyzing module memArray64_74515
INFO: [VRFC 10-311] analyzing module DirSum_74818
INFO: [VRFC 10-311] analyzing module D8_74714
INFO: [VRFC 10-311] analyzing module D6_74782
INFO: [VRFC 10-311] analyzing module codeBlock74520
INFO: [VRFC 10-311] analyzing module codeBlock74821
INFO: [VRFC 10-311] analyzing module rc74902
INFO: [VRFC 10-311] analyzing module perm74900
INFO: [VRFC 10-311] analyzing module memArray128_74900
INFO: [VRFC 10-311] analyzing module DirSum_75330
INFO: [VRFC 10-311] analyzing module D2_75196
INFO: [VRFC 10-311] analyzing module D4_75328
INFO: [VRFC 10-311] analyzing module codeBlock74904
INFO: [VRFC 10-311] analyzing module codeBlock75333
INFO: [VRFC 10-311] analyzing module rc75414
INFO: [VRFC 10-311] analyzing module perm75412
INFO: [VRFC 10-311] analyzing module memArray128_75412
INFO: [VRFC 10-311] analyzing module multfix
INFO: [VRFC 10-311] analyzing module addfxp
INFO: [VRFC 10-311] analyzing module subfxp
